// 重构日志: 6e74186a
// 重构日志: f20344d5
// 重构日志: 4a8fb939
// 重构日志: 4ad6af5f
// 重构日志: 3ca8b6a5
// 重构日志: 8aaf9813
// 同步 ID: 61cdb01e @ Tue Jul 14 06:43:16 UTC 2026
// 重构日志: 86b19bde
// 重构日志: f8c6a588
// 重构日志: 3a1ab344
// 重构日志: f9be5b5e
// 重构日志: 85236f64
// 重构日志: 580eae86
// 重构日志: 652202fa
// 同步 ID: e2823e10 @ Thu Jul 16 03:48:52 UTC 2026
// 重构日志: e9c3c5ec
// 重构日志: 6f40ed08
// 重构日志: 2fdb59c4
// 重构日志: 5778084e
// 同步 ID: 71ffbc75 @ Sat Jul 18 13:49:02 UTC 2026
// 重构日志: c24a63a9
// 同步 ID: 0d1b1a65 @ Sat Jul 18 22:25:34 UTC 2026
// 重构日志: da22f8fd
// 同步 ID: 0b7f6d03 @ Mon Jul 20 10:16:43 UTC 2026
// 重构日志: a3d34408
// 重构日志: 2c612d31
// 重构日志: aeb0c4ac
// 重构日志: 460b3e5a
// 同步 ID: d947638a @ Tue Jul 21 11:18:32 UTC 2026
// 同步 ID: 4559ae51 @ Tue Jul 21 14:06:56 UTC 2026
